build/app/intermediates/manifest_merge_blame_file/release/manifest-merger-blame-release-report.txt
1<?xml version="1.0" encoding="utf-8"?>
2<manifest xmlns:android="http://schemas.android.com/apk/res/android"
3    package="com.example.culturepoints"
4    android:versionCode="4001"
5    android:versionName="1.0.0" >
6
7    <uses-sdk
8        android:minSdkVersion="20"
8-->src\main\AndroidManifest.xml
9        android:targetSdkVersion="29" />
9-->src\main\AndroidManifest.xml
10    <!-- Include required permissions for Google Maps API to run. -->
11    <uses-permission android:name="android.permission.ACCESS_NETWORK_STATE" />
11-->[com.google.android.gms:play-services-maps:17.0.0] AndroidManifest.xml:23:5-79
11-->[com.google.android.gms:play-services-maps:17.0.0] AndroidManifest.xml:23:22-76
12    <uses-permission android:name="android.permission.INTERNET" />
12-->[com.google.android.gms:play-services-maps:17.0.0] AndroidManifest.xml:24:5-67
12-->[com.google.android.gms:play-services-maps:17.0.0] AndroidManifest.xml:24:22-64
13
14    <uses-feature
14-->[com.google.android.gms:play-services-maps:17.0.0] AndroidManifest.xml:26:5-28:35
15        android:glEsVersion="0x00020000"
15-->[com.google.android.gms:play-services-maps:17.0.0] AndroidManifest.xml:27:9-41
16        android:required="true" />
16-->[com.google.android.gms:play-services-maps:17.0.0] AndroidManifest.xml:28:9-32
17    <!--
18 io.flutter.app.FlutterApplication is an android.app.Application that
19         calls FlutterMain.startInitialization(this); in its onCreate method.
20         In most cases you can leave this as-is, but you if you want to provide
21         additional functionality it is fine to subclass or reimplement
22         FlutterApplication and put your custom class here.
23    -->
24    <application
24-->src\main\AndroidManifest.xml:8:5-48:19
25        android:name="io.flutter.app.FlutterApplication"
25-->src\main\AndroidManifest.xml:9:9-57
26        android:appComponentFactory="androidx.core.app.CoreComponentFactory"
26-->[androidx.core:core:1.1.0] AndroidManifest.xml:24:18-86
27        android:icon="@mipmap/ic_launcher"
27-->src\main\AndroidManifest.xml:11:9-43
28        android:label="culturepoints" >
28-->src\main\AndroidManifest.xml:10:9-38
29        <meta-data
29-->src\main\AndroidManifest.xml:12:9-13:70
30            android:name="com.google.android.geo.API_KEY"
30-->src\main\AndroidManifest.xml:12:20-65
31            android:value="AIzaSyAnXFFKqvcMmvg4GJaM5aVKcrhdD539sxc" />
31-->src\main\AndroidManifest.xml:13:13-68
32
33        <activity
33-->src\main\AndroidManifest.xml:14:9-42:20
34            android:name="com.example.culturepoints.MainActivity"
34-->src\main\AndroidManifest.xml:15:13-41
35            android:configChanges="orientation|keyboardHidden|keyboard|screenSize|smallestScreenSize|locale|layoutDirection|fontScale|screenLayout|density|uiMode"
35-->src\main\AndroidManifest.xml:18:13-163
36            android:hardwareAccelerated="true"
36-->src\main\AndroidManifest.xml:19:13-47
37            android:launchMode="singleTop"
37-->src\main\AndroidManifest.xml:16:13-43
38            android:theme="@style/LaunchTheme"
38-->src\main\AndroidManifest.xml:17:13-47
39            android:windowSoftInputMode="adjustResize" >
39-->src\main\AndroidManifest.xml:20:13-55
40
41            <!--
42                 Specifies an Android theme to apply to this Activity as soon as
43                 the Android process has started. This theme is visible to the user
44                 while the Flutter UI initializes. After that, this theme continues
45                 to determine the Window background behind the Flutter UI.
46            -->
47            <meta-data
47-->src\main\AndroidManifest.xml:25:13-28:17
48                android:name="io.flutter.embedding.android.NormalTheme"
48-->src\main\AndroidManifest.xml:26:15-70
49                android:resource="@style/NormalTheme" />
49-->src\main\AndroidManifest.xml:27:15-52
50            <!--
51                 Displays an Android View that continues showing the launch screen
52                 Drawable until Flutter paints its first frame, then this splash
53                 screen fades out. A splash screen is useful to avoid any visual
54                 gap between the end of Android's launch screen and the painting of
55                 Flutter's first frame.
56            -->
57            <meta-data
57-->src\main\AndroidManifest.xml:34:13-37:17
58                android:name="io.flutter.embedding.android.SplashScreenDrawable"
58-->src\main\AndroidManifest.xml:35:15-79
59                android:resource="@drawable/launch_background" />
59-->src\main\AndroidManifest.xml:36:15-61
60
61            <intent-filter>
61-->src\main\AndroidManifest.xml:38:13-41:29
62                <action android:name="android.intent.action.MAIN" />
62-->src\main\AndroidManifest.xml:39:17-68
62-->src\main\AndroidManifest.xml:39:25-66
63
64                <category android:name="android.intent.category.LAUNCHER" />
64-->src\main\AndroidManifest.xml:40:17-76
64-->src\main\AndroidManifest.xml:40:27-74
65            </intent-filter>
66        </activity>
67        <!--
68             Don't delete the meta-data below.
69             This is used by the Flutter tool to generate GeneratedPluginRegistrant.java
70        -->
71        <meta-data
71-->src\main\AndroidManifest.xml:45:9-47:33
72            android:name="flutterEmbedding"
72-->src\main\AndroidManifest.xml:46:13-44
73            android:value="2" />
73-->src\main\AndroidManifest.xml:47:13-30
74        <!-- Needs to be explicitly declared on P+ -->
75        <uses-library
75-->[com.google.android.gms:play-services-maps:17.0.0] AndroidManifest.xml:33:9-35:40
76            android:name="org.apache.http.legacy"
76-->[com.google.android.gms:play-services-maps:17.0.0] AndroidManifest.xml:34:13-50
77            android:required="false" />
77-->[com.google.android.gms:play-services-maps:17.0.0] AndroidManifest.xml:35:13-37
78
79        <activity
79-->[com.google.android.gms:play-services-base:17.0.0] AndroidManifest.xml:23:9-26:75
80            android:name="com.google.android.gms.common.api.GoogleApiActivity"
80-->[com.google.android.gms:play-services-base:17.0.0] AndroidManifest.xml:24:13-79
81            android:exported="false"
81-->[com.google.android.gms:play-services-base:17.0.0] AndroidManifest.xml:25:13-37
82            android:theme="@android:style/Theme.Translucent.NoTitleBar" />
82-->[com.google.android.gms:play-services-base:17.0.0] AndroidManifest.xml:26:13-72
83
84        <meta-data
84-->[com.google.android.gms:play-services-basement:17.0.0] AndroidManifest.xml:23:9-25:69
85            android:name="com.google.android.gms.version"
85-->[com.google.android.gms:play-services-basement:17.0.0] AndroidManifest.xml:24:13-58
86            android:value="@integer/google_play_services_version" />
86-->[com.google.android.gms:play-services-basement:17.0.0] AndroidManifest.xml:25:13-66
87    </application>
88
89</manifest>